# JRE version: OpenJDK Runtime Environment (8.0_242-b01) (build 1.8.0_242-release-1644-b01)
# Java VM: OpenJDK 64-Bit Server VM (25.242-b01 mixed mode windows-amd64 compressed oops)
Heap:
 PSYoungGen      total 251904K, used 14757K [0x00000000d5580000, 0x00000000e9000000, 0x0000000100000000)
  eden space 228864K, 0% used [0x00000000d5580000,0x00000000d5580000,0x00000000e3500000)
  from space 23040K, 64% used [0x00000000e7980000,0x00000000e87e95b0,0x00000000e9000000)
  to   space 20480K, 0% used [0x00000000e3500000,0x00000000e3500000,0x00000000e4900000)
 ParOldGen       total 83968K, used 54536K [0x0000000080000000, 0x0000000085200000, 0x00000000d5580000)
  object space 83968K, 64% used [0x0000000080000000,0x0000000083542338,0x0000000085200000)
 Metaspace       used 81610K, capacity 85148K, committed 85272K, reserved 1126400K
  class space    used 11031K, capacity 11729K, committed 11824K, reserved 1048576K
GC Heap History (10 events):
Event: 21.839 GC heap after
Heap after GC invocations=14 (full 2):
 PSYoungGen      total 200704K, used 13989K [0x00000000d5580000, 0x00000000e2c00000, 0x0000000100000000)
  eden space 185856K, 0% used [0x00000000d5580000,0x00000000d5580000,0x00000000e0b00000)
  from space 14848K, 94% used [0x00000000e1c80000,0x00000000e2a29550,0x00000000e2b00000)
  to   space 16896K, 0% used [0x00000000e0b00000,0x00000000e0b00000,0x00000000e1b80000)
 ParOldGen       total 49664K, used 28095K [0x0000000080000000, 0x0000000083080000, 0x00000000d5580000)
  object space 49664K, 56% used [0x0000000080000000,0x0000000081b6fc80,0x0000000083080000)
 Metaspace       used 56985K, capacity 58934K, committed 59160K, reserved 1099776K
  class space    used 7809K, capacity 8240K, committed 8240K, reserved 1048576K
}
Event: 21.839 GC heap before
{Heap before GC invocations=15 (full 3):
 PSYoungGen      total 200704K, used 13989K [0x00000000d5580000, 0x00000000e2c00000, 0x0000000100000000)
  eden space 185856K, 0% used [0x00000000d5580000,0x00000000d5580000,0x00000000e0b00000)
  from space 14848K, 94% used [0x00000000e1c80000,0x00000000e2a29550,0x00000000e2b00000)
  to   space 16896K, 0% used [0x00000000e0b00000,0x00000000e0b00000,0x00000000e1b80000)
 ParOldGen       total 49664K, used 28095K [0x0000000080000000, 0x0000000083080000, 0x00000000d5580000)
  object space 49664K, 56% used [0x0000000080000000,0x0000000081b6fc80,0x0000000083080000)
 Metaspace       used 56985K, capacity 58934K, committed 59160K, reserved 1099776K
  class space    used 7809K, capacity 8240K, committed 8240K, reserved 1048576K
Event: 22.226 GC heap after
Heap after GC invocations=15 (full 3):
 PSYoungGen      total 200704K, used 0K [0x00000000d5580000, 0x00000000e2c00000, 0x0000000100000000)
  eden space 185856K, 0% used [0x00000000d5580000,0x00000000d5580000,0x00000000e0b00000)
  from space 14848K, 0% used [0x00000000e1c80000,0x00000000e1c80000,0x00000000e2b00000)
  to   space 16896K, 0% used [0x00000000e0b00000,0x00000000e0b00000,0x00000000e1b80000)
 ParOldGen       total 83968K, used 34291K [0x0000000080000000, 0x0000000085200000, 0x00000000d5580000)
  object space 83968K, 40% used [0x0000000080000000,0x000000008217cfd8,0x0000000085200000)
 Metaspace       used 56976K, capacity 58904K, committed 59160K, reserved 1099776K
  class space    used 7806K, capacity 8235K, committed 8240K, reserved 1048576K
}
Event: 30.280 GC heap before
{Heap before GC invocations=16 (full 3):
 PSYoungGen      total 200704K, used 185856K [0x00000000d5580000, 0x00000000e2c00000, 0x0000000100000000)
  eden space 185856K, 100% used [0x00000000d5580000,0x00000000e0b00000,0x00000000e0b00000)
  from space 14848K, 0% used [0x00000000e1c80000,0x00000000e1c80000,0x00000000e2b00000)
  to   space 16896K, 0% used [0x00000000e0b00000,0x00000000e0b00000,0x00000000e1b80000)
 ParOldGen       total 83968K, used 34291K [0x0000000080000000, 0x0000000085200000, 0x00000000d5580000)
  object space 83968K, 40% used [0x0000000080000000,0x000000008217cfd8,0x0000000085200000)
 Metaspace       used 63437K, capacity 66224K, committed 66328K, reserved 1105920K
  class space    used 8684K, capacity 9263K, committed 9264K, reserved 1048576K
Event: 30.340 GC heap after
Heap after GC invocations=16 (full 3):
 PSYoungGen      total 202752K, used 16879K [0x00000000d5580000, 0x00000000e6500000, 0x0000000100000000)
  eden space 185856K, 0% used [0x00000000d5580000,0x00000000d5580000,0x00000000e0b00000)
  from space 16896K, 99% used [0x00000000e0b00000,0x00000000e1b7be18,0x00000000e1b80000)
  to   space 20992K, 0% used [0x00000000e5080000,0x00000000e5080000,0x00000000e6500000)
 ParOldGen       total 83968K, used 38450K [0x0000000080000000, 0x0000000085200000, 0x00000000d5580000)
  object space 83968K, 45% used [0x0000000080000000,0x000000008258cb00,0x0000000085200000)
 Metaspace       used 63437K, capacity 66224K, committed 66328K, reserved 1105920K
  class space    used 8684K, capacity 9263K, committed 9264K, reserved 1048576K
}
Event: 51.215 GC heap before
{Heap before GC invocations=17 (full 3):
 PSYoungGen      total 202752K, used 202735K [0x00000000d5580000, 0x00000000e6500000, 0x0000000100000000)
  eden space 185856K, 100% used [0x00000000d5580000,0x00000000e0b00000,0x00000000e0b00000)
  from space 16896K, 99% used [0x00000000e0b00000,0x00000000e1b7be18,0x00000000e1b80000)
  to   space 20992K, 0% used [0x00000000e5080000,0x00000000e5080000,0x00000000e6500000)
 ParOldGen       total 83968K, used 38450K [0x0000000080000000, 0x0000000085200000, 0x00000000d5580000)
  object space 83968K, 45% used [0x0000000080000000,0x000000008258cb00,0x0000000085200000)
 Metaspace       used 70660K, capacity 73580K, committed 73880K, reserved 1114112K
  class space    used 9478K, capacity 10089K, committed 10160K, reserved 1048576K
Event: 51.261 GC heap after
Heap after GC invocations=17 (full 3):
 PSYoungGen      total 241664K, used 10770K [0x00000000d5580000, 0x00000000e5d00000, 0x0000000100000000)
  eden space 228864K, 0% used [0x00000000d5580000,0x00000000d5580000,0x00000000e3500000)
  from space 12800K, 84% used [0x00000000e5080000,0x00000000e5b048c0,0x00000000e5d00000)
  to   space 20480K, 0% used [0x00000000e3500000,0x00000000e3500000,0x00000000e4900000)
 ParOldGen       total 83968K, used 54520K [0x0000000080000000, 0x0000000085200000, 0x00000000d5580000)
  object space 83968K, 64% used [0x0000000080000000,0x000000008353e338,0x0000000085200000)
 Metaspace       used 70660K, capacity 73580K, committed 73880K, reserved 1114112K
  class space    used 9478K, capacity 10089K, committed 10160K, reserved 1048576K
}
Event: 61.478 GC heap before
{Heap before GC invocations=18 (full 3):
 PSYoungGen      total 241664K, used 239634K [0x00000000d5580000, 0x00000000e5d00000, 0x0000000100000000)
  eden space 228864K, 100% used [0x00000000d5580000,0x00000000e3500000,0x00000000e3500000)
  from space 12800K, 84% used [0x00000000e5080000,0x00000000e5b048c0,0x00000000e5d00000)
  to   space 20480K, 0% used [0x00000000e3500000,0x00000000e3500000,0x00000000e4900000)
 ParOldGen       total 83968K, used 54520K [0x0000000080000000, 0x0000000085200000, 0x00000000d5580000)
  object space 83968K, 64% used [0x0000000080000000,0x000000008353e338,0x0000000085200000)
 Metaspace       used 79392K, capacity 82852K, committed 83096K, reserved 1120256K
  class space    used 10640K, capacity 11313K, committed 11440K, reserved 1048576K
Event: 61.524 GC heap after
Heap after GC invocations=18 (full 3):
 PSYoungGen      total 249344K, used 18290K [0x00000000d5580000, 0x00000000e9000000, 0x0000000100000000)
  eden space 228864K, 0% used [0x00000000d5580000,0x00000000d5580000,0x00000000e3500000)
  from space 20480K, 89% used [0x00000000e3500000,0x00000000e46dcb38,0x00000000e4900000)
  to   space 23040K, 0% used [0x00000000e7980000,0x00000000e7980000,0x00000000e9000000)
 ParOldGen       total 83968K, used 54528K [0x0000000080000000, 0x0000000085200000, 0x00000000d5580000)
  object space 83968K, 64% used [0x0000000080000000,0x0000000083540338,0x0000000085200000)
 Metaspace       used 79392K, capacity 82852K, committed 83096K, reserved 1120256K
  class space    used 10640K, capacity 11313K, committed 11440K, reserved 1048576K
}
Event: 61.980 GC heap before
{Heap before GC invocations=19 (full 3):
 PSYoungGen      total 249344K, used 38959K [0x00000000d5580000, 0x00000000e9000000, 0x0000000100000000)
  eden space 228864K, 9% used [0x00000000d5580000,0x00000000d69af168,0x00000000e3500000)
  from space 20480K, 89% used [0x00000000e3500000,0x00000000e46dcb38,0x00000000e4900000)
  to   space 23040K, 0% used [0x00000000e7980000,0x00000000e7980000,0x00000000e9000000)
 ParOldGen       total 83968K, used 54528K [0x0000000080000000, 0x0000000085200000, 0x00000000d5580000)
  object space 83968K, 64% used [0x0000000080000000,0x0000000083540338,0x0000000085200000)
 Metaspace       used 81610K, capacity 85148K, committed 85272K, reserved 1126400K
  class space    used 11031K, capacity 11729K, committed 11824K, reserved 1048576K

